<?xml version="1.0" encoding="UTF-8"?>
<!-- Generated by org.testng.reporters.JUnitXMLReporter -->
<testsuite hostname="kumarim-w8" ignored="0" name="TestCase01" tests="1" failures="1" timestamp="24 Feb 2020 05:46:05 GMT" time="23.073" errors="0">
  <testcase name="Registraion_Gcrit" time="7.333" classname="com.gcrit.testcases.TestCase01_Regisration">
    <failure type="java.lang.AssertionError" message="expected [Your Account Has Been Created!] but found [My Account Information]">
      <![CDATA[java.lang.AssertionError: expected [Your Account Has Been Created!] but found [My Account Information]
	at com.gcrit.testcases.TestCase01_Regisration.Registraion_Gcrit(TestCase01_Regisration.java:39)
... Removed 31 stack frames]]>
    </failure>
  </testcase> <!-- Registraion_Gcrit -->
</testsuite> <!-- TestCase01 -->
